Vivado Simulator 2017.4
Copyright 1986-1999, 2001-2016 Xilinx, Inc. All Rights Reserved.
Running: D:/Xilinx/Vivado/2017.4/bin/unwrapped/win64.o/xelab.exe -wto 1ded5776736e4c9689fe4a60e036f623 --incr --debug typical --relax --mt 2 -L xil_defaultlib -L secureip --snapshot SimMultiply_behav xil_defaultlib.SimMultiply -log elaborate.log 
Using 2 slave threads.
Starting static elaboration
Completed static elaboration
Starting simulation data flow analysis
Completed simulation data flow analysis
Time Resolution for simulation is 1ps
Compiling package std.standard
Compiling package std.textio
Compiling package ieee.std_logic_1164
Compiling architecture behavioral of entity xil_defaultlib.SE [se_default]
Compiling architecture behavioral of entity xil_defaultlib.Adder [\Adder(n=9)\]
Compiling architecture behavioral of entity xil_defaultlib.Multiplier [\Multiplier(n=24)\]
Compiling architecture behavioral of entity xil_defaultlib.Adder [\Adder(n=8)\]
Compiling architecture behavioral of entity xil_defaultlib.NormalizeExpMan [normalizeexpman_default]
Compiling architecture behavioral of entity xil_defaultlib.FPMultiplier [fpmultiplier_default]
Compiling architecture behavioral of entity xil_defaultlib.simmultiply
Built simulation snapshot SimMultiply_behav
